C:\USERS\MRSTA\DESKTOP\Транслитератор\Исходники\MYTRANSLIT\DEBUG\MYTRANSLIT.EXE
C:\USERS\MRSTA\DESKTOP\Транслитератор\Исходники\MYTRANSLIT\DEBUG\MYTRANSLIT.ILK
C:\USERS\MRSTA\DESKTOP\ТРАНСЛИТЕРАТОР\ИСХОДНИКИ\MYTRANSLIT\DEBUG\MYTRANSLIT.PDB
C:\Users\mrsta\Desktop\Транслитератор\Исходники\myTranslit\myTranslit\Debug\cl.command.1.tlog
C:\Users\mrsta\Desktop\Транслитератор\Исходники\myTranslit\myTranslit\Debug\CL.read.1.tlog
C:\Users\mrsta\Desktop\Транслитератор\Исходники\myTranslit\myTranslit\Debug\CL.write.1.tlog
C:\USERS\MRSTA\DESKTOP\Транслитератор\Исходники\MYTRANSLIT\MYTRANSLIT\DEBUG\FUNCTIONSTEST.OBJ
C:\Users\mrsta\Desktop\Транслитератор\Исходники\myTranslit\myTranslit\Debug\link.8504.read.1.tlog
C:\Users\mrsta\Desktop\Транслитератор\Исходники\myTranslit\myTranslit\Debug\link.8504.write.1.tlog
C:\Users\mrsta\Desktop\Транслитератор\Исходники\myTranslit\myTranslit\Debug\link.8504-cvtres.read.1.tlog
C:\Users\mrsta\Desktop\Транслитератор\Исходники\myTranslit\myTranslit\Debug\link.8504-cvtres.write.1.tlog
C:\Users\mrsta\Desktop\Транслитератор\Исходники\myTranslit\myTranslit\Debug\link.command.1.tlog
C:\Users\mrsta\Desktop\Транслитератор\Исходники\myTranslit\myTranslit\Debug\link.read.1.tlog
C:\Users\mrsta\Desktop\Транслитератор\Исходники\myTranslit\myTranslit\Debug\link.write.1.tlog
C:\Users\mrsta\Desktop\Транслитератор\Исходники\myTranslit\myTranslit\Debug\link-cvtres.read.1.tlog
C:\Users\mrsta\Desktop\Транслитератор\Исходники\myTranslit\myTranslit\Debug\link-cvtres.write.1.tlog
C:\Users\mrsta\Desktop\Транслитератор\Исходники\myTranslit\myTranslit\Debug\mt.command.1.tlog
C:\Users\mrsta\Desktop\Транслитератор\Исходники\myTranslit\myTranslit\Debug\mt.read.1.tlog
C:\Users\mrsta\Desktop\Транслитератор\Исходники\myTranslit\myTranslit\Debug\mt.write.1.tlog
C:\USERS\MRSTA\DESKTOP\Транслитератор\Исходники\MYTRANSLIT\MYTRANSLIT\DEBUG\MYTRANSLIT.EXE.EMBED.MANIFEST
C:\USERS\MRSTA\DESKTOP\Транслитератор\Исходники\MYTRANSLIT\MYTRANSLIT\DEBUG\MYTRANSLIT.EXE.EMBED.MANIFEST.RES
C:\USERS\MRSTA\DESKTOP\Транслитератор\Исходники\MYTRANSLIT\MYTRANSLIT\DEBUG\MYTRANSLIT.EXE.INTERMEDIATE.MANIFEST
C:\USERS\MRSTA\DESKTOP\Транслитератор\Исходники\MYTRANSLIT\MYTRANSLIT\DEBUG\MYTRANSLIT.OBJ
C:\USERS\MRSTA\DESKTOP\Транслитератор\Исходники\MYTRANSLIT\MYTRANSLIT\DEBUG\MYTRANSLIT.PCH
C:\Users\mrsta\Desktop\Транслитератор\Исходники\myTranslit\myTranslit\Debug\myTranslit.write.1.tlog
C:\Users\mrsta\Desktop\Транслитератор\Исходники\myTranslit\myTranslit\Debug\myTranslit_manifest.rc
C:\Users\mrsta\Desktop\Транслитератор\Исходники\myTranslit\myTranslit\Debug\rc.command.1.tlog
C:\Users\mrsta\Desktop\Транслитератор\Исходники\myTranslit\myTranslit\Debug\rc.read.1.tlog
C:\Users\mrsta\Desktop\Транслитератор\Исходники\myTranslit\myTranslit\Debug\rc.write.1.tlog
C:\USERS\MRSTA\DESKTOP\Транслитератор\Исходники\MYTRANSLIT\MYTRANSLIT\DEBUG\STDAFX.OBJ
C:\Users\mrsta\Desktop\Транслитератор\Исходники\myTranslit\myTranslit\Debug\vc100.idb
C:\USERS\MRSTA\DESKTOP\ТРАНСЛИТЕРАТОР\ИСХОДНИКИ\MYTRANSLIT\MYTRANSLIT\DEBUG\VC100.PDB
